<?xml version="1.0" encoding="UTF-8"?>
<testsuite xmlns:xsi="http://www.w3.org/2001/XMLSchema-instance" xsi:noNamespaceSchemaLocation="https://maven.apache.org/surefire/maven-surefire-plugin/xsd/surefire-test-report-3.0.xsd" version="3.0" name="ro.veltanmarius.mkcustomer.MarketingCustomerApplicationTests" time="2.742" tests="6" errors="0" skipped="0" failures="0">
  <properties>
    <property name="java.specification.version" value="17"/>
    <property name="sun.jnu.encoding" value="UTF-8"/>
    <property name="java.class.path" value="/Users/veltanm/_Dev/github/marketing-customer/target/test-classes:/Users/veltanm/_Dev/github/marketing-customer/target/classes:/Users/veltanm/.m2/repository/org/springframework/boot/spring-boot-starter-actuator/3.1.7/spring-boot-starter-actuator-3.1.7.jar:/Users/veltanm/.m2/repository/org/springframework/boot/spring-boot-starter/3.1.7/spring-boot-starter-3.1.7.jar:/Users/veltanm/.m2/repository/org/springframework/boot/spring-boot/3.1.7/spring-boot-3.1.7.jar:/Users/veltanm/.m2/repository/org/springframework/boot/spring-boot-autoconfigure/3.1.7/spring-boot-autoconfigure-3.1.7.jar:/Users/veltanm/.m2/repository/org/springframework/boot/spring-boot-starter-logging/3.1.7/spring-boot-starter-logging-3.1.7.jar:/Users/veltanm/.m2/repository/ch/qos/logback/logback-classic/1.4.14/logback-classic-1.4.14.jar:/Users/veltanm/.m2/repository/ch/qos/logback/logback-core/1.4.14/logback-core-1.4.14.jar:/Users/veltanm/.m2/repository/org/apache/logging/log4j/log4j-to-slf4j/2.20.0/log4j-to-slf4j-2.20.0.jar:/Users/veltanm/.m2/repository/org/apache/logging/log4j/log4j-api/2.20.0/log4j-api-2.20.0.jar:/Users/veltanm/.m2/repository/org/slf4j/jul-to-slf4j/2.0.9/jul-to-slf4j-2.0.9.jar:/Users/veltanm/.m2/repository/jakarta/annotation/jakarta.annotation-api/2.1.1/jakarta.annotation-api-2.1.1.jar:/Users/veltanm/.m2/repository/org/yaml/snakeyaml/1.33/snakeyaml-1.33.jar:/Users/veltanm/.m2/repository/org/springframework/boot/spring-boot-actuator-autoconfigure/3.1.7/spring-boot-actuator-autoconfigure-3.1.7.jar:/Users/veltanm/.m2/repository/org/springframework/boot/spring-boot-actuator/3.1.7/spring-boot-actuator-3.1.7.jar:/Users/veltanm/.m2/repository/com/fasterxml/jackson/core/jackson-databind/2.15.3/jackson-databind-2.15.3.jar:/Users/veltanm/.m2/repository/com/fasterxml/jackson/core/jackson-annotations/2.15.3/jackson-annotations-2.15.3.jar:/Users/veltanm/.m2/repository/com/fasterxml/jackson/core/jackson-core/2.15.3/jackson-core-2.15.3.jar:/Users/veltanm/.m2/repository/com/fasterxml/jackson/datatype/jackson-datatype-jsr310/2.15.3/jackson-datatype-jsr310-2.15.3.jar:/Users/veltanm/.m2/repository/io/micrometer/micrometer-observation/1.11.7/micrometer-observation-1.11.7.jar:/Users/veltanm/.m2/repository/io/micrometer/micrometer-commons/1.11.7/micrometer-commons-1.11.7.jar:/Users/veltanm/.m2/repository/io/micrometer/micrometer-core/1.11.7/micrometer-core-1.11.7.jar:/Users/veltanm/.m2/repository/org/hdrhistogram/HdrHistogram/2.1.12/HdrHistogram-2.1.12.jar:/Users/veltanm/.m2/repository/org/latencyutils/LatencyUtils/2.0.3/LatencyUtils-2.0.3.jar:/Users/veltanm/.m2/repository/org/springframework/boot/spring-boot-starter-validation/3.1.7/spring-boot-starter-validation-3.1.7.jar:/Users/veltanm/.m2/repository/org/apache/tomcat/embed/tomcat-embed-el/10.1.17/tomcat-embed-el-10.1.17.jar:/Users/veltanm/.m2/repository/org/hibernate/validator/hibernate-validator/8.0.1.Final/hibernate-validator-8.0.1.Final.jar:/Users/veltanm/.m2/repository/jakarta/validation/jakarta.validation-api/3.0.2/jakarta.validation-api-3.0.2.jar:/Users/veltanm/.m2/repository/org/springframework/boot/spring-boot-starter-webflux/3.1.7/spring-boot-starter-webflux-3.1.7.jar:/Users/veltanm/.m2/repository/org/springframework/boot/spring-boot-starter-json/3.1.7/spring-boot-starter-json-3.1.7.jar:/Users/veltanm/.m2/repository/com/fasterxml/jackson/datatype/jackson-datatype-jdk8/2.15.3/jackson-datatype-jdk8-2.15.3.jar:/Users/veltanm/.m2/repository/com/fasterxml/jackson/module/jackson-module-parameter-names/2.15.3/jackson-module-parameter-names-2.15.3.jar:/Users/veltanm/.m2/repository/org/springframework/boot/spring-boot-starter-reactor-netty/3.1.7/spring-boot-starter-reactor-netty-3.1.7.jar:/Users/veltanm/.m2/repository/io/projectreactor/netty/reactor-netty-http/1.1.14/reactor-netty-http-1.1.14.jar:/Users/veltanm/.m2/repository/io/netty/netty-codec-http/4.1.104.Final/netty-codec-http-4.1.104.Final.jar:/Users/veltanm/.m2/repository/io/netty/netty-common/4.1.104.Final/netty-common-4.1.104.Final.jar:/Users/veltanm/.m2/repository/io/netty/netty-buffer/4.1.104.Final/netty-buffer-4.1.104.Final.jar:/Users/veltanm/.m2/repository/io/netty/netty-transport/4.1.104.Final/netty-transport-4.1.104.Final.jar:/Users/veltanm/.m2/repository/io/netty/netty-codec/4.1.104.Final/netty-codec-4.1.104.Final.jar:/Users/veltanm/.m2/repository/io/netty/netty-handler/4.1.104.Final/netty-handler-4.1.104.Final.jar:/Users/veltanm/.m2/repository/io/netty/netty-codec-http2/4.1.104.Final/netty-codec-http2-4.1.104.Final.jar:/Users/veltanm/.m2/repository/io/netty/netty-resolver-dns/4.1.104.Final/netty-resolver-dns-4.1.104.Final.jar:/Users/veltanm/.m2/repository/io/netty/netty-resolver/4.1.104.Final/netty-resolver-4.1.104.Final.jar:/Users/veltanm/.m2/repository/io/netty/netty-codec-dns/4.1.104.Final/netty-codec-dns-4.1.104.Final.jar:/Users/veltanm/.m2/repository/io/netty/netty-resolver-dns-native-macos/4.1.104.Final/netty-resolver-dns-native-macos-4.1.104.Final-osx-x86_64.jar:/Users/veltanm/.m2/repository/io/netty/netty-resolver-dns-classes-macos/4.1.104.Final/netty-resolver-dns-classes-macos-4.1.104.Final.jar:/Users/veltanm/.m2/repository/io/netty/netty-transport-native-epoll/4.1.104.Final/netty-transport-native-epoll-4.1.104.Final-linux-x86_64.jar:/Users/veltanm/.m2/repository/io/netty/netty-transport-native-unix-common/4.1.104.Final/netty-transport-native-unix-common-4.1.104.Final.jar:/Users/veltanm/.m2/repository/io/netty/netty-transport-classes-epoll/4.1.104.Final/netty-transport-classes-epoll-4.1.104.Final.jar:/Users/veltanm/.m2/repository/io/projectreactor/netty/reactor-netty-core/1.1.14/reactor-netty-core-1.1.14.jar:/Users/veltanm/.m2/repository/io/netty/netty-handler-proxy/4.1.104.Final/netty-handler-proxy-4.1.104.Final.jar:/Users/veltanm/.m2/repository/io/netty/netty-codec-socks/4.1.104.Final/netty-codec-socks-4.1.104.Final.jar:/Users/veltanm/.m2/repository/org/springframework/spring-web/6.0.15/spring-web-6.0.15.jar:/Users/veltanm/.m2/repository/org/springframework/spring-beans/6.0.15/spring-beans-6.0.15.jar:/Users/veltanm/.m2/repository/org/springframework/spring-webflux/6.0.15/spring-webflux-6.0.15.jar:/Users/veltanm/.m2/repository/org/springdoc/springdoc-openapi-starter-webflux-ui/2.3.0/springdoc-openapi-starter-webflux-ui-2.3.0.jar:/Users/veltanm/.m2/repository/org/springdoc/springdoc-openapi-starter-webflux-api/2.3.0/springdoc-openapi-starter-webflux-api-2.3.0.jar:/Users/veltanm/.m2/repository/org/springdoc/springdoc-openapi-starter-common/2.3.0/springdoc-openapi-starter-common-2.3.0.jar:/Users/veltanm/.m2/repository/io/swagger/core/v3/swagger-core-jakarta/2.2.19/swagger-core-jakarta-2.2.19.jar:/Users/veltanm/.m2/repository/org/apache/commons/commons-lang3/3.12.0/commons-lang3-3.12.0.jar:/Users/veltanm/.m2/repository/io/swagger/core/v3/swagger-annotations-jakarta/2.2.19/swagger-annotations-jakarta-2.2.19.jar:/Users/veltanm/.m2/repository/io/swagger/core/v3/swagger-models-jakarta/2.2.19/swagger-models-jakarta-2.2.19.jar:/Users/veltanm/.m2/repository/com/fasterxml/jackson/dataformat/jackson-dataformat-yaml/2.15.3/jackson-dataformat-yaml-2.15.3.jar:/Users/veltanm/.m2/repository/org/webjars/swagger-ui/5.10.3/swagger-ui-5.10.3.jar:/Users/veltanm/.m2/repository/org/springframework/boot/spring-boot-starter-data-jpa/3.1.7/spring-boot-starter-data-jpa-3.1.7.jar:/Users/veltanm/.m2/repository/org/springframework/boot/spring-boot-starter-aop/3.1.7/spring-boot-starter-aop-3.1.7.jar:/Users/veltanm/.m2/repository/org/springframework/spring-aop/6.0.15/spring-aop-6.0.15.jar:/Users/veltanm/.m2/repository/org/aspectj/aspectjweaver/1.9.21/aspectjweaver-1.9.21.jar:/Users/veltanm/.m2/repository/org/springframework/boot/spring-boot-starter-jdbc/3.1.7/spring-boot-starter-jdbc-3.1.7.jar:/Users/veltanm/.m2/repository/com/zaxxer/HikariCP/5.0.1/HikariCP-5.0.1.jar:/Users/veltanm/.m2/repository/org/springframework/spring-jdbc/6.0.15/spring-jdbc-6.0.15.jar:/Users/veltanm/.m2/repository/org/springframework/data/spring-data-jpa/3.1.7/spring-data-jpa-3.1.7.jar:/Users/veltanm/.m2/repository/org/springframework/data/spring-data-commons/3.1.7/spring-data-commons-3.1.7.jar:/Users/veltanm/.m2/repository/org/springframework/spring-orm/6.0.15/spring-orm-6.0.15.jar:/Users/veltanm/.m2/repository/org/springframework/spring-context/6.0.15/spring-context-6.0.15.jar:/Users/veltanm/.m2/repository/org/springframework/spring-expression/6.0.15/spring-expression-6.0.15.jar:/Users/veltanm/.m2/repository/org/springframework/spring-tx/6.0.15/spring-tx-6.0.15.jar:/Users/veltanm/.m2/repository/org/slf4j/slf4j-api/2.0.9/slf4j-api-2.0.9.jar:/Users/veltanm/.m2/repository/org/springframework/spring-aspects/6.0.15/spring-aspects-6.0.15.jar:/Users/veltanm/.m2/repository/org/hibernate/orm/hibernate-core/6.2.17.Final/hibernate-core-6.2.17.Final.jar:/Users/veltanm/.m2/repository/jakarta/persistence/jakarta.persistence-api/3.1.0/jakarta.persistence-api-3.1.0.jar:/Users/veltanm/.m2/repository/jakarta/transaction/jakarta.transaction-api/2.0.1/jakarta.transaction-api-2.0.1.jar:/Users/veltanm/.m2/repository/org/jboss/logging/jboss-logging/3.5.3.Final/jboss-logging-3.5.3.Final.jar:/Users/veltanm/.m2/repository/org/hibernate/common/hibernate-commons-annotations/6.0.6.Final/hibernate-commons-annotations-6.0.6.Final.jar:/Users/veltanm/.m2/repository/io/smallrye/jandex/3.0.5/jandex-3.0.5.jar:/Users/veltanm/.m2/repository/com/fasterxml/classmate/1.5.1/classmate-1.5.1.jar:/Users/veltanm/.m2/repository/net/bytebuddy/byte-buddy/1.14.10/byte-buddy-1.14.10.jar:/Users/veltanm/.m2/repository/jakarta/xml/bind/jakarta.xml.bind-api/4.0.1/jakarta.xml.bind-api-4.0.1.jar:/Users/veltanm/.m2/repository/jakarta/activation/jakarta.activation-api/2.1.2/jakarta.activation-api-2.1.2.jar:/Users/veltanm/.m2/repository/org/glassfish/jaxb/jaxb-runtime/4.0.4/jaxb-runtime-4.0.4.jar:/Users/veltanm/.m2/repository/org/glassfish/jaxb/jaxb-core/4.0.4/jaxb-core-4.0.4.jar:/Users/veltanm/.m2/repository/org/eclipse/angus/angus-activation/2.0.1/angus-activation-2.0.1.jar:/Users/veltanm/.m2/repository/org/glassfish/jaxb/txw2/4.0.4/txw2-4.0.4.jar:/Users/veltanm/.m2/repository/com/sun/istack/istack-commons-runtime/4.1.2/istack-commons-runtime-4.1.2.jar:/Users/veltanm/.m2/repository/jakarta/inject/jakarta.inject-api/2.0.1/jakarta.inject-api-2.0.1.jar:/Users/veltanm/.m2/repository/org/antlr/antlr4-runtime/4.10.1/antlr4-runtime-4.10.1.jar:/Users/veltanm/.m2/repository/com/h2database/h2/2.1.214/h2-2.1.214.jar:/Users/veltanm/.m2/repository/org/mapstruct/mapstruct/1.5.5.Final/mapstruct-1.5.5.Final.jar:/Users/veltanm/.m2/repository/org/springframework/boot/spring-boot-starter-test/3.1.7/spring-boot-starter-test-3.1.7.jar:/Users/veltanm/.m2/repository/org/springframework/boot/spring-boot-test/3.1.7/spring-boot-test-3.1.7.jar:/Users/veltanm/.m2/repository/org/springframework/boot/spring-boot-test-autoconfigure/3.1.7/spring-boot-test-autoconfigure-3.1.7.jar:/Users/veltanm/.m2/repository/com/jayway/jsonpath/json-path/2.8.0/json-path-2.8.0.jar:/Users/veltanm/.m2/repository/net/minidev/json-smart/2.4.11/json-smart-2.4.11.jar:/Users/veltanm/.m2/repository/net/minidev/accessors-smart/2.4.11/accessors-smart-2.4.11.jar:/Users/veltanm/.m2/repository/org/ow2/asm/asm/9.3/asm-9.3.jar:/Users/veltanm/.m2/repository/org/assertj/assertj-core/3.24.2/assertj-core-3.24.2.jar:/Users/veltanm/.m2/repository/org/hamcrest/hamcrest/2.2/hamcrest-2.2.jar:/Users/veltanm/.m2/repository/org/junit/jupiter/junit-jupiter/5.9.3/junit-jupiter-5.9.3.jar:/Users/veltanm/.m2/repository/org/junit/jupiter/junit-jupiter-api/5.9.3/junit-jupiter-api-5.9.3.jar:/Users/veltanm/.m2/repository/org/opentest4j/opentest4j/1.2.0/opentest4j-1.2.0.jar:/Users/veltanm/.m2/repository/org/junit/platform/junit-platform-commons/1.9.3/junit-platform-commons-1.9.3.jar:/Users/veltanm/.m2/repository/org/apiguardian/apiguardian-api/1.1.2/apiguardian-api-1.1.2.jar:/Users/veltanm/.m2/repository/org/junit/jupiter/junit-jupiter-params/5.9.3/junit-jupiter-params-5.9.3.jar:/Users/veltanm/.m2/repository/org/junit/jupiter/junit-jupiter-engine/5.9.3/junit-jupiter-engine-5.9.3.jar:/Users/veltanm/.m2/repository/org/junit/platform/junit-platform-engine/1.9.3/junit-platform-engine-1.9.3.jar:/Users/veltanm/.m2/repository/org/mockito/mockito-core/5.3.1/mockito-core-5.3.1.jar:/Users/veltanm/.m2/repository/net/bytebuddy/byte-buddy-agent/1.14.10/byte-buddy-agent-1.14.10.jar:/Users/veltanm/.m2/repository/org/objenesis/objenesis/3.3/objenesis-3.3.jar:/Users/veltanm/.m2/repository/org/mockito/mockito-junit-jupiter/5.3.1/mockito-junit-jupiter-5.3.1.jar:/Users/veltanm/.m2/repository/org/skyscreamer/jsonassert/1.5.1/jsonassert-1.5.1.jar:/Users/veltanm/.m2/repository/com/vaadin/external/google/android-json/0.0.20131108.vaadin1/android-json-0.0.20131108.vaadin1.jar:/Users/veltanm/.m2/repository/org/springframework/spring-core/6.0.15/spring-core-6.0.15.jar:/Users/veltanm/.m2/repository/org/springframework/spring-jcl/6.0.15/spring-jcl-6.0.15.jar:/Users/veltanm/.m2/repository/org/springframework/spring-test/6.0.15/spring-test-6.0.15.jar:/Users/veltanm/.m2/repository/org/xmlunit/xmlunit-core/2.9.1/xmlunit-core-2.9.1.jar:/Users/veltanm/.m2/repository/io/projectreactor/reactor-test/3.5.13/reactor-test-3.5.13.jar:/Users/veltanm/.m2/repository/io/projectreactor/reactor-core/3.5.13/reactor-core-3.5.13.jar:/Users/veltanm/.m2/repository/org/reactivestreams/reactive-streams/1.0.4/reactive-streams-1.0.4.jar:"/>
    <property name="java.vm.vendor" value="Oracle Corporation"/>
    <property name="sun.arch.data.model" value="64"/>
    <property name="java.vendor.url" value="https://java.oracle.com/"/>
    <property name="user.timezone" value="Europe/Bucharest"/>
    <property name="org.jboss.logging.provider" value="slf4j"/>
    <property name="os.name" value="Mac OS X"/>
    <property name="java.vm.specification.version" value="17"/>
    <property name="sun.java.launcher" value="SUN_STANDARD"/>
    <property name="user.country" value="RO"/>
    <property name="sun.boot.library.path" value="/Users/veltanm/.sdkman/candidates/java/17.0.2-open/lib"/>
    <property name="sun.java.command" value="/Users/veltanm/_Dev/github/marketing-customer/target/surefire/surefirebooter-20240103235217586_3.jar /Users/veltanm/_Dev/github/marketing-customer/target/surefire 2024-01-03T23-52-17_509-jvmRun1 surefire-20240103235217586_1tmp surefire_0-20240103235217586_2tmp"/>
    <property name="http.nonProxyHosts" value="local|*.local|169.254/16|*.169.254/16"/>
    <property name="jdk.debug" value="release"/>
    <property name="surefire.test.class.path" value="/Users/veltanm/_Dev/github/marketing-customer/target/test-classes:/Users/veltanm/_Dev/github/marketing-customer/target/classes:/Users/veltanm/.m2/repository/org/springframework/boot/spring-boot-starter-actuator/3.1.7/spring-boot-starter-actuator-3.1.7.jar:/Users/veltanm/.m2/repository/org/springframework/boot/spring-boot-starter/3.1.7/spring-boot-starter-3.1.7.jar:/Users/veltanm/.m2/repository/org/springframework/boot/spring-boot/3.1.7/spring-boot-3.1.7.jar:/Users/veltanm/.m2/repository/org/springframework/boot/spring-boot-autoconfigure/3.1.7/spring-boot-autoconfigure-3.1.7.jar:/Users/veltanm/.m2/repository/org/springframework/boot/spring-boot-starter-logging/3.1.7/spring-boot-starter-logging-3.1.7.jar:/Users/veltanm/.m2/repository/ch/qos/logback/logback-classic/1.4.14/logback-classic-1.4.14.jar:/Users/veltanm/.m2/repository/ch/qos/logback/logback-core/1.4.14/logback-core-1.4.14.jar:/Users/veltanm/.m2/repository/org/apache/logging/log4j/log4j-to-slf4j/2.20.0/log4j-to-slf4j-2.20.0.jar:/Users/veltanm/.m2/repository/org/apache/logging/log4j/log4j-api/2.20.0/log4j-api-2.20.0.jar:/Users/veltanm/.m2/repository/org/slf4j/jul-to-slf4j/2.0.9/jul-to-slf4j-2.0.9.jar:/Users/veltanm/.m2/repository/jakarta/annotation/jakarta.annotation-api/2.1.1/jakarta.annotation-api-2.1.1.jar:/Users/veltanm/.m2/repository/org/yaml/snakeyaml/1.33/snakeyaml-1.33.jar:/Users/veltanm/.m2/repository/org/springframework/boot/spring-boot-actuator-autoconfigure/3.1.7/spring-boot-actuator-autoconfigure-3.1.7.jar:/Users/veltanm/.m2/repository/org/springframework/boot/spring-boot-actuator/3.1.7/spring-boot-actuator-3.1.7.jar:/Users/veltanm/.m2/repository/com/fasterxml/jackson/core/jackson-databind/2.15.3/jackson-databind-2.15.3.jar:/Users/veltanm/.m2/repository/com/fasterxml/jackson/core/jackson-annotations/2.15.3/jackson-annotations-2.15.3.jar:/Users/veltanm/.m2/repository/com/fasterxml/jackson/core/jackson-core/2.15.3/jackson-core-2.15.3.jar:/Users/veltanm/.m2/repository/com/fasterxml/jackson/datatype/jackson-datatype-jsr310/2.15.3/jackson-datatype-jsr310-2.15.3.jar:/Users/veltanm/.m2/repository/io/micrometer/micrometer-observation/1.11.7/micrometer-observation-1.11.7.jar:/Users/veltanm/.m2/repository/io/micrometer/micrometer-commons/1.11.7/micrometer-commons-1.11.7.jar:/Users/veltanm/.m2/repository/io/micrometer/micrometer-core/1.11.7/micrometer-core-1.11.7.jar:/Users/veltanm/.m2/repository/org/hdrhistogram/HdrHistogram/2.1.12/HdrHistogram-2.1.12.jar:/Users/veltanm/.m2/repository/org/latencyutils/LatencyUtils/2.0.3/LatencyUtils-2.0.3.jar:/Users/veltanm/.m2/repository/org/springframework/boot/spring-boot-starter-validation/3.1.7/spring-boot-starter-validation-3.1.7.jar:/Users/veltanm/.m2/repository/org/apache/tomcat/embed/tomcat-embed-el/10.1.17/tomcat-embed-el-10.1.17.jar:/Users/veltanm/.m2/repository/org/hibernate/validator/hibernate-validator/8.0.1.Final/hibernate-validator-8.0.1.Final.jar:/Users/veltanm/.m2/repository/jakarta/validation/jakarta.validation-api/3.0.2/jakarta.validation-api-3.0.2.jar:/Users/veltanm/.m2/repository/org/springframework/boot/spring-boot-starter-webflux/3.1.7/spring-boot-starter-webflux-3.1.7.jar:/Users/veltanm/.m2/repository/org/springframework/boot/spring-boot-starter-json/3.1.7/spring-boot-starter-json-3.1.7.jar:/Users/veltanm/.m2/repository/com/fasterxml/jackson/datatype/jackson-datatype-jdk8/2.15.3/jackson-datatype-jdk8-2.15.3.jar:/Users/veltanm/.m2/repository/com/fasterxml/jackson/module/jackson-module-parameter-names/2.15.3/jackson-module-parameter-names-2.15.3.jar:/Users/veltanm/.m2/repository/org/springframework/boot/spring-boot-starter-reactor-netty/3.1.7/spring-boot-starter-reactor-netty-3.1.7.jar:/Users/veltanm/.m2/repository/io/projectreactor/netty/reactor-netty-http/1.1.14/reactor-netty-http-1.1.14.jar:/Users/veltanm/.m2/repository/io/netty/netty-codec-http/4.1.104.Final/netty-codec-http-4.1.104.Final.jar:/Users/veltanm/.m2/repository/io/netty/netty-common/4.1.104.Final/netty-common-4.1.104.Final.jar:/Users/veltanm/.m2/repository/io/netty/netty-buffer/4.1.104.Final/netty-buffer-4.1.104.Final.jar:/Users/veltanm/.m2/repository/io/netty/netty-transport/4.1.104.Final/netty-transport-4.1.104.Final.jar:/Users/veltanm/.m2/repository/io/netty/netty-codec/4.1.104.Final/netty-codec-4.1.104.Final.jar:/Users/veltanm/.m2/repository/io/netty/netty-handler/4.1.104.Final/netty-handler-4.1.104.Final.jar:/Users/veltanm/.m2/repository/io/netty/netty-codec-http2/4.1.104.Final/netty-codec-http2-4.1.104.Final.jar:/Users/veltanm/.m2/repository/io/netty/netty-resolver-dns/4.1.104.Final/netty-resolver-dns-4.1.104.Final.jar:/Users/veltanm/.m2/repository/io/netty/netty-resolver/4.1.104.Final/netty-resolver-4.1.104.Final.jar:/Users/veltanm/.m2/repository/io/netty/netty-codec-dns/4.1.104.Final/netty-codec-dns-4.1.104.Final.jar:/Users/veltanm/.m2/repository/io/netty/netty-resolver-dns-native-macos/4.1.104.Final/netty-resolver-dns-native-macos-4.1.104.Final-osx-x86_64.jar:/Users/veltanm/.m2/repository/io/netty/netty-resolver-dns-classes-macos/4.1.104.Final/netty-resolver-dns-classes-macos-4.1.104.Final.jar:/Users/veltanm/.m2/repository/io/netty/netty-transport-native-epoll/4.1.104.Final/netty-transport-native-epoll-4.1.104.Final-linux-x86_64.jar:/Users/veltanm/.m2/repository/io/netty/netty-transport-native-unix-common/4.1.104.Final/netty-transport-native-unix-common-4.1.104.Final.jar:/Users/veltanm/.m2/repository/io/netty/netty-transport-classes-epoll/4.1.104.Final/netty-transport-classes-epoll-4.1.104.Final.jar:/Users/veltanm/.m2/repository/io/projectreactor/netty/reactor-netty-core/1.1.14/reactor-netty-core-1.1.14.jar:/Users/veltanm/.m2/repository/io/netty/netty-handler-proxy/4.1.104.Final/netty-handler-proxy-4.1.104.Final.jar:/Users/veltanm/.m2/repository/io/netty/netty-codec-socks/4.1.104.Final/netty-codec-socks-4.1.104.Final.jar:/Users/veltanm/.m2/repository/org/springframework/spring-web/6.0.15/spring-web-6.0.15.jar:/Users/veltanm/.m2/repository/org/springframework/spring-beans/6.0.15/spring-beans-6.0.15.jar:/Users/veltanm/.m2/repository/org/springframework/spring-webflux/6.0.15/spring-webflux-6.0.15.jar:/Users/veltanm/.m2/repository/org/springdoc/springdoc-openapi-starter-webflux-ui/2.3.0/springdoc-openapi-starter-webflux-ui-2.3.0.jar:/Users/veltanm/.m2/repository/org/springdoc/springdoc-openapi-starter-webflux-api/2.3.0/springdoc-openapi-starter-webflux-api-2.3.0.jar:/Users/veltanm/.m2/repository/org/springdoc/springdoc-openapi-starter-common/2.3.0/springdoc-openapi-starter-common-2.3.0.jar:/Users/veltanm/.m2/repository/io/swagger/core/v3/swagger-core-jakarta/2.2.19/swagger-core-jakarta-2.2.19.jar:/Users/veltanm/.m2/repository/org/apache/commons/commons-lang3/3.12.0/commons-lang3-3.12.0.jar:/Users/veltanm/.m2/repository/io/swagger/core/v3/swagger-annotations-jakarta/2.2.19/swagger-annotations-jakarta-2.2.19.jar:/Users/veltanm/.m2/repository/io/swagger/core/v3/swagger-models-jakarta/2.2.19/swagger-models-jakarta-2.2.19.jar:/Users/veltanm/.m2/repository/com/fasterxml/jackson/dataformat/jackson-dataformat-yaml/2.15.3/jackson-dataformat-yaml-2.15.3.jar:/Users/veltanm/.m2/repository/org/webjars/swagger-ui/5.10.3/swagger-ui-5.10.3.jar:/Users/veltanm/.m2/repository/org/springframework/boot/spring-boot-starter-data-jpa/3.1.7/spring-boot-starter-data-jpa-3.1.7.jar:/Users/veltanm/.m2/repository/org/springframework/boot/spring-boot-starter-aop/3.1.7/spring-boot-starter-aop-3.1.7.jar:/Users/veltanm/.m2/repository/org/springframework/spring-aop/6.0.15/spring-aop-6.0.15.jar:/Users/veltanm/.m2/repository/org/aspectj/aspectjweaver/1.9.21/aspectjweaver-1.9.21.jar:/Users/veltanm/.m2/repository/org/springframework/boot/spring-boot-starter-jdbc/3.1.7/spring-boot-starter-jdbc-3.1.7.jar:/Users/veltanm/.m2/repository/com/zaxxer/HikariCP/5.0.1/HikariCP-5.0.1.jar:/Users/veltanm/.m2/repository/org/springframework/spring-jdbc/6.0.15/spring-jdbc-6.0.15.jar:/Users/veltanm/.m2/repository/org/springframework/data/spring-data-jpa/3.1.7/spring-data-jpa-3.1.7.jar:/Users/veltanm/.m2/repository/org/springframework/data/spring-data-commons/3.1.7/spring-data-commons-3.1.7.jar:/Users/veltanm/.m2/repository/org/springframework/spring-orm/6.0.15/spring-orm-6.0.15.jar:/Users/veltanm/.m2/repository/org/springframework/spring-context/6.0.15/spring-context-6.0.15.jar:/Users/veltanm/.m2/repository/org/springframework/spring-expression/6.0.15/spring-expression-6.0.15.jar:/Users/veltanm/.m2/repository/org/springframework/spring-tx/6.0.15/spring-tx-6.0.15.jar:/Users/veltanm/.m2/repository/org/slf4j/slf4j-api/2.0.9/slf4j-api-2.0.9.jar:/Users/veltanm/.m2/repository/org/springframework/spring-aspects/6.0.15/spring-aspects-6.0.15.jar:/Users/veltanm/.m2/repository/org/hibernate/orm/hibernate-core/6.2.17.Final/hibernate-core-6.2.17.Final.jar:/Users/veltanm/.m2/repository/jakarta/persistence/jakarta.persistence-api/3.1.0/jakarta.persistence-api-3.1.0.jar:/Users/veltanm/.m2/repository/jakarta/transaction/jakarta.transaction-api/2.0.1/jakarta.transaction-api-2.0.1.jar:/Users/veltanm/.m2/repository/org/jboss/logging/jboss-logging/3.5.3.Final/jboss-logging-3.5.3.Final.jar:/Users/veltanm/.m2/repository/org/hibernate/common/hibernate-commons-annotations/6.0.6.Final/hibernate-commons-annotations-6.0.6.Final.jar:/Users/veltanm/.m2/repository/io/smallrye/jandex/3.0.5/jandex-3.0.5.jar:/Users/veltanm/.m2/repository/com/fasterxml/classmate/1.5.1/classmate-1.5.1.jar:/Users/veltanm/.m2/repository/net/bytebuddy/byte-buddy/1.14.10/byte-buddy-1.14.10.jar:/Users/veltanm/.m2/repository/jakarta/xml/bind/jakarta.xml.bind-api/4.0.1/jakarta.xml.bind-api-4.0.1.jar:/Users/veltanm/.m2/repository/jakarta/activation/jakarta.activation-api/2.1.2/jakarta.activation-api-2.1.2.jar:/Users/veltanm/.m2/repository/org/glassfish/jaxb/jaxb-runtime/4.0.4/jaxb-runtime-4.0.4.jar:/Users/veltanm/.m2/repository/org/glassfish/jaxb/jaxb-core/4.0.4/jaxb-core-4.0.4.jar:/Users/veltanm/.m2/repository/org/eclipse/angus/angus-activation/2.0.1/angus-activation-2.0.1.jar:/Users/veltanm/.m2/repository/org/glassfish/jaxb/txw2/4.0.4/txw2-4.0.4.jar:/Users/veltanm/.m2/repository/com/sun/istack/istack-commons-runtime/4.1.2/istack-commons-runtime-4.1.2.jar:/Users/veltanm/.m2/repository/jakarta/inject/jakarta.inject-api/2.0.1/jakarta.inject-api-2.0.1.jar:/Users/veltanm/.m2/repository/org/antlr/antlr4-runtime/4.10.1/antlr4-runtime-4.10.1.jar:/Users/veltanm/.m2/repository/com/h2database/h2/2.1.214/h2-2.1.214.jar:/Users/veltanm/.m2/repository/org/mapstruct/mapstruct/1.5.5.Final/mapstruct-1.5.5.Final.jar:/Users/veltanm/.m2/repository/org/springframework/boot/spring-boot-starter-test/3.1.7/spring-boot-starter-test-3.1.7.jar:/Users/veltanm/.m2/repository/org/springframework/boot/spring-boot-test/3.1.7/spring-boot-test-3.1.7.jar:/Users/veltanm/.m2/repository/org/springframework/boot/spring-boot-test-autoconfigure/3.1.7/spring-boot-test-autoconfigure-3.1.7.jar:/Users/veltanm/.m2/repository/com/jayway/jsonpath/json-path/2.8.0/json-path-2.8.0.jar:/Users/veltanm/.m2/repository/net/minidev/json-smart/2.4.11/json-smart-2.4.11.jar:/Users/veltanm/.m2/repository/net/minidev/accessors-smart/2.4.11/accessors-smart-2.4.11.jar:/Users/veltanm/.m2/repository/org/ow2/asm/asm/9.3/asm-9.3.jar:/Users/veltanm/.m2/repository/org/assertj/assertj-core/3.24.2/assertj-core-3.24.2.jar:/Users/veltanm/.m2/repository/org/hamcrest/hamcrest/2.2/hamcrest-2.2.jar:/Users/veltanm/.m2/repository/org/junit/jupiter/junit-jupiter/5.9.3/junit-jupiter-5.9.3.jar:/Users/veltanm/.m2/repository/org/junit/jupiter/junit-jupiter-api/5.9.3/junit-jupiter-api-5.9.3.jar:/Users/veltanm/.m2/repository/org/opentest4j/opentest4j/1.2.0/opentest4j-1.2.0.jar:/Users/veltanm/.m2/repository/org/junit/platform/junit-platform-commons/1.9.3/junit-platform-commons-1.9.3.jar:/Users/veltanm/.m2/repository/org/apiguardian/apiguardian-api/1.1.2/apiguardian-api-1.1.2.jar:/Users/veltanm/.m2/repository/org/junit/jupiter/junit-jupiter-params/5.9.3/junit-jupiter-params-5.9.3.jar:/Users/veltanm/.m2/repository/org/junit/jupiter/junit-jupiter-engine/5.9.3/junit-jupiter-engine-5.9.3.jar:/Users/veltanm/.m2/repository/org/junit/platform/junit-platform-engine/1.9.3/junit-platform-engine-1.9.3.jar:/Users/veltanm/.m2/repository/org/mockito/mockito-core/5.3.1/mockito-core-5.3.1.jar:/Users/veltanm/.m2/repository/net/bytebuddy/byte-buddy-agent/1.14.10/byte-buddy-agent-1.14.10.jar:/Users/veltanm/.m2/repository/org/objenesis/objenesis/3.3/objenesis-3.3.jar:/Users/veltanm/.m2/repository/org/mockito/mockito-junit-jupiter/5.3.1/mockito-junit-jupiter-5.3.1.jar:/Users/veltanm/.m2/repository/org/skyscreamer/jsonassert/1.5.1/jsonassert-1.5.1.jar:/Users/veltanm/.m2/repository/com/vaadin/external/google/android-json/0.0.20131108.vaadin1/android-json-0.0.20131108.vaadin1.jar:/Users/veltanm/.m2/repository/org/springframework/spring-core/6.0.15/spring-core-6.0.15.jar:/Users/veltanm/.m2/repository/org/springframework/spring-jcl/6.0.15/spring-jcl-6.0.15.jar:/Users/veltanm/.m2/repository/org/springframework/spring-test/6.0.15/spring-test-6.0.15.jar:/Users/veltanm/.m2/repository/org/xmlunit/xmlunit-core/2.9.1/xmlunit-core-2.9.1.jar:/Users/veltanm/.m2/repository/io/projectreactor/reactor-test/3.5.13/reactor-test-3.5.13.jar:/Users/veltanm/.m2/repository/io/projectreactor/reactor-core/3.5.13/reactor-core-3.5.13.jar:/Users/veltanm/.m2/repository/org/reactivestreams/reactive-streams/1.0.4/reactive-streams-1.0.4.jar:"/>
    <property name="sun.cpu.endian" value="little"/>
    <property name="user.home" value="/Users/veltanm"/>
    <property name="user.language" value="en"/>
    <property name="java.specification.vendor" value="Oracle Corporation"/>
    <property name="java.version.date" value="2022-01-18"/>
    <property name="java.home" value="/Users/veltanm/.sdkman/candidates/java/17.0.2-open"/>
    <property name="file.separator" value="/"/>
    <property name="basedir" value="/Users/veltanm/_Dev/github/marketing-customer"/>
    <property name="java.vm.compressedOopsMode" value="Zero based"/>
    <property name="line.separator" value="&#10;"/>
    <property name="java.vm.specification.vendor" value="Oracle Corporation"/>
    <property name="java.specification.name" value="Java Platform API Specification"/>
    <property name="FILE_LOG_CHARSET" value="UTF-8"/>
    <property name="java.awt.headless" value="true"/>
    <property name="surefire.real.class.path" value="/Users/veltanm/_Dev/github/marketing-customer/target/surefire/surefirebooter-20240103235217586_3.jar"/>
    <property name="sun.management.compiler" value="HotSpot 64-Bit Tiered Compilers"/>
    <property name="ftp.nonProxyHosts" value="local|*.local|169.254/16|*.169.254/16"/>
    <property name="java.runtime.version" value="17.0.2+8-86"/>
    <property name="user.name" value="veltanm"/>
    <property name="path.separator" value=":"/>
    <property name="os.version" value="14.2.1"/>
    <property name="java.runtime.name" value="OpenJDK Runtime Environment"/>
    <property name="file.encoding" value="UTF-8"/>
    <property name="java.vm.name" value="OpenJDK 64-Bit Server VM"/>
    <property name="localRepository" value="/Users/veltanm/.m2/repository"/>
    <property name="java.vendor.url.bug" value="https://bugreport.java.com/bugreport/"/>
    <property name="java.io.tmpdir" value="/var/folders/qf/w1hndnpx3rjdn301kzdhf8zm0000gn/T/"/>
    <property name="com.zaxxer.hikari.pool_number" value="2"/>
    <property name="java.version" value="17.0.2"/>
    <property name="user.dir" value="/Users/veltanm/_Dev/github/marketing-customer"/>
    <property name="os.arch" value="x86_64"/>
    <property name="java.vm.specification.name" value="Java Virtual Machine Specification"/>
    <property name="PID" value="45964"/>
    <property name="CONSOLE_LOG_CHARSET" value="UTF-8"/>
    <property name="native.encoding" value="UTF-8"/>
    <property name="java.library.path" value="/Users/veltanm/Library/Java/Extensions:/Library/Java/Extensions:/Network/Library/Java/Extensions:/System/Library/Java/Extensions:/usr/lib/java:."/>
    <property name="java.vm.info" value="mixed mode, sharing"/>
    <property name="java.vendor" value="Oracle Corporation"/>
    <property name="java.vm.version" value="17.0.2+8-86"/>
    <property name="sun.io.unicode.encoding" value="UnicodeBig"/>
    <property name="socksNonProxyHosts" value="local|*.local|169.254/16|*.169.254/16"/>
    <property name="java.class.version" value="61.0"/>
  </properties>
  <testcase name="getCustomerById" classname="ro.veltanmarius.mkcustomer.MarketingCustomerApplicationTests" time="0.441">
    <system-out><![CDATA[2024-01-03T23:52:21.802+02:00  INFO 45964 --- [           main] t.c.s.AnnotationConfigContextLoaderUtils : Could not detect default configuration classes for test class [ro.veltanmarius.mkcustomer.MarketingCustomerApplicationTests]: MarketingCustomerApplicationTests does not declare any static, non-private, non-final, nested classes annotated with @Configuration.
2024-01-03T23:52:21.805+02:00  INFO 45964 --- [           main] .b.t.c.SpringBootTestContextBootstrapper : Found @SpringBootConfiguration ro.veltanmarius.mkcustomer.MarketingCustomerApplication for test class ro.veltanmarius.mkcustomer.MarketingCustomerApplicationTests

  .   ____          _            __ _ _
 /\\ / ___'_ __ _ _(_)_ __  __ _ \ \ \ \
( ( )\___ | '_ | '_| | '_ \/ _` | \ \ \ \
 \\/  ___)| |_)| | | | | || (_| |  ) ) ) )
  '  |____| .__|_| |_|_| |_\__, | / / / /
 =========|_|==============|___/=/_/_/_/
 :: Spring Boot ::                (v3.1.7)

2024-01-03T23:52:21.855+02:00  INFO 45964 --- [           main] r.v.m.MarketingCustomerApplicationTests  : Starting MarketingCustomerApplicationTests using Java 17.0.2 with PID 45964 (started by veltanm in /Users/veltanm/_Dev/github/marketing-customer)
2024-01-03T23:52:21.855+02:00 DEBUG 45964 --- [           main] r.v.m.MarketingCustomerApplicationTests  : Running with Spring Boot v3.1.7, Spring v6.0.15
2024-01-03T23:52:21.856+02:00  INFO 45964 --- [           main] r.v.m.MarketingCustomerApplicationTests  : No active profile set, falling back to 1 default profile: "default"
2024-01-03T23:52:22.257+02:00  INFO 45964 --- [           main] .s.d.r.c.RepositoryConfigurationDelegate : Bootstrapping Spring Data JPA repositories in DEFAULT mode.
2024-01-03T23:52:22.264+02:00  INFO 45964 --- [           main] .s.d.r.c.RepositoryConfigurationDelegate : Finished Spring Data repository scanning in 7 ms. Found 1 JPA repository interface.
2024-01-03T23:52:22.795+02:00  INFO 45964 --- [           main] com.zaxxer.hikari.HikariDataSource       : HikariPool-2 - Starting...
2024-01-03T23:52:22.798+02:00  INFO 45964 --- [           main] com.zaxxer.hikari.pool.HikariPool        : HikariPool-2 - Added connection conn10: url=jdbc:h2:mem:d727a03d-bcee-4e0f-9838-a61491257b78 user=SA
2024-01-03T23:52:22.798+02:00  INFO 45964 --- [           main] com.zaxxer.hikari.HikariDataSource       : HikariPool-2 - Start completed.
2024-01-03T23:52:22.800+02:00  INFO 45964 --- [           main] o.hibernate.jpa.internal.util.LogHelper  : HHH000204: Processing PersistenceUnitInfo [name: default]
2024-01-03T23:52:22.808+02:00  INFO 45964 --- [           main] o.s.o.j.p.SpringPersistenceUnitInfo      : No LoadTimeWeaver setup: ignoring JPA class transformer
2024-01-03T23:52:22.872+02:00  INFO 45964 --- [           main] o.h.e.t.j.p.i.JtaPlatformInitiator       : HHH000489: No JTA platform available (set 'hibernate.transaction.jta.platform' to enable JTA platform integration)
2024-01-03T23:52:22.875+02:00  INFO 45964 --- [           main] j.LocalContainerEntityManagerFactoryBean : Initialized JPA EntityManagerFactory for persistence unit 'default'
2024-01-03T23:52:23.379+02:00  INFO 45964 --- [           main] o.s.b.a.e.web.EndpointLinksResolver      : Exposing 1 endpoint(s) beneath base path '/actuator'
2024-01-03T23:52:23.902+02:00  INFO 45964 --- [           main] o.s.b.web.embedded.netty.NettyWebServer  : Netty started on port 59959
2024-01-03T23:52:23.915+02:00  INFO 45964 --- [           main] r.v.m.MarketingCustomerApplicationTests  : Started MarketingCustomerApplicationTests in 2.103 seconds (process running for 6.241)
2024-01-03T23:52:24.300+02:00 DEBUG 45964 --- [ctor-http-nio-4] r.v.m.controller.CustomerController      : Will call getCustomerEntity for customer with ID: 1
2024-01-03T23:52:24.301+02:00 DEBUG 45964 --- [ctor-http-nio-4] r.v.m.controller.CustomerController      : getCustomer: lookup a customer for customerId: 1
]]></system-out>
  </testcase>
  <testcase name="getCustomerInvalidInput" classname="ro.veltanmarius.mkcustomer.MarketingCustomerApplicationTests" time="0.023">
    <system-out><![CDATA[2024-01-03T23:52:24.412+02:00 DEBUG 45964 --- [ctor-http-nio-4] r.v.m.controller.CustomerController      : Will call getCustomerEntity for customer with ID: 3
2024-01-03T23:52:24.412+02:00 DEBUG 45964 --- [ctor-http-nio-4] r.v.m.controller.CustomerController      : getCustomer: lookup a customer for customerId: 3
2024-01-03T23:52:24.418+02:00 DEBUG 45964 --- [ctor-http-nio-4] r.v.m.u.GlobalControllerExceptionHandler : Returning HTTP status: 422 UNPROCESSABLE_ENTITY for path: /marketing/customers/3, message: INVALID: 3
]]></system-out>
  </testcase>
  <testcase name="getCustomerNotFound" classname="ro.veltanmarius.mkcustomer.MarketingCustomerApplicationTests" time="0.013">
    <system-out><![CDATA[2024-01-03T23:52:24.436+02:00 DEBUG 45964 --- [ctor-http-nio-4] r.v.m.controller.CustomerController      : Will call getCustomerEntity for customer with ID: 2
2024-01-03T23:52:24.436+02:00 DEBUG 45964 --- [ctor-http-nio-4] r.v.m.controller.CustomerController      : getCustomer: lookup a customer for customerId: 2
2024-01-03T23:52:24.437+02:00 DEBUG 45964 --- [ctor-http-nio-4] r.v.m.u.GlobalControllerExceptionHandler : Returning HTTP status: 404 NOT_FOUND for path: /marketing/customers/2, message: NOT FOUND: 2
]]></system-out>
  </testcase>
  <testcase name="createCustomer1" classname="ro.veltanmarius.mkcustomer.MarketingCustomerApplicationTests" time="0.077">
    <system-out><![CDATA[2024-01-03T23:52:24.516+02:00 DEBUG 45964 --- [ctor-http-nio-4] r.v.m.controller.CustomerController      : createCustomer: creates a new customer entity for fn ln
2024-01-03T23:52:24.516+02:00 DEBUG 45964 --- [ctor-http-nio-4] r.v.m.controller.CustomerController      : createCustomer: customer entity was created, ID: 1
]]></system-out>
  </testcase>
  <testcase name="createCustomer2" classname="ro.veltanmarius.mkcustomer.MarketingCustomerApplicationTests" time="0.011">
    <system-out><![CDATA[2024-01-03T23:52:24.529+02:00 DEBUG 45964 --- [ctor-http-nio-4] r.v.m.controller.CustomerController      : createCustomer: creates a new customer entity for fn ln
2024-01-03T23:52:24.530+02:00 DEBUG 45964 --- [ctor-http-nio-4] r.v.m.controller.CustomerController      : createCustomer: customer entity was created, ID: 2
]]></system-out>
  </testcase>
  <testcase name="contextLoads" classname="ro.veltanmarius.mkcustomer.MarketingCustomerApplicationTests" time="0.005"/>
</testsuite>